<?xml version="1.0" encoding="UTF-8"?>
<!-- Generated by org.testng.reporters.JUnitReportReporter -->
<testsuite hostname="Jp" failures="0" tests="3" name="com.FreeCRM.Tests.dataProviderTest2" time="31.987" errors="0" timestamp="2023-02-08T22:40:05 PST" skipped="0">
  <testcase classname="com.FreeCRM.Tests.dataProviderTest2" name="searchGoogle" time="7.746"/>
  <system-out/>
  <testcase classname="com.FreeCRM.Tests.dataProviderTest2" name="searchGoogle" time="10.584"/>
  <system-out/>
  <testcase classname="com.FreeCRM.Tests.dataProviderTest2" name="searchGoogle" time="13.657"/>
  <system-out/>
</testsuite> <!-- com.FreeCRM.Tests.dataProviderTest2 -->
