<?xml version="1.0" encoding="UTF-8"?>
<!-- Generated by org.testng.reporters.JUnitReportReporter -->
<testsuite hostname="Jp" failures="0" tests="3" name="tests.dataProviderTest" time="17.612" errors="0" timestamp="2023-03-13T20:43:52 PDT" skipped="0">
  <testcase classname="tests.dataProviderTest" name="searchGoogle" time="4.995"/>
  <system-out/>
  <testcase classname="tests.dataProviderTest" name="searchGoogle" time="5.896"/>
  <system-out/>
  <testcase classname="tests.dataProviderTest" name="searchGoogle" time="6.721"/>
  <system-out/>
</testsuite> <!-- tests.dataProviderTest -->
