<?xml version="1.0" encoding="UTF-8"?>
<!-- Generated by org.testng.reporters.JUnitReportReporter -->
<testsuite hostname="Jp" failures="0" tests="3" name="tests.dataProviderTest2" time="24.121" errors="0" timestamp="2023-03-10T14:28:21 PST" skipped="0">
  <testcase classname="tests.dataProviderTest2" name="searchGoogle" time="8.247"/>
  <system-out/>
  <testcase classname="tests.dataProviderTest2" name="searchGoogle" time="8.727"/>
  <system-out/>
  <testcase classname="tests.dataProviderTest2" name="searchGoogle" time="7.147"/>
  <system-out/>
</testsuite> <!-- tests.dataProviderTest2 -->
