<?xml version="1.0" encoding="UTF-8"?>
<!-- Generated by org.testng.reporters.JUnitReportReporter -->
<testsuite hostname="Jp" failures="0" tests="1" name="seleniumPractise.dropDownTest" time="5.075" errors="0" timestamp="2023-01-31T18:01:55 PST" skipped="0">
  <testcase classname="seleniumPractise.dropDownTest" name="test1" time="5.075"/>
  <system-out/>
</testsuite> <!-- seleniumPractise.dropDownTest -->
