<?xml version="1.0" encoding="UTF-8"?>
<!-- Generated by org.testng.reporters.JUnitReportReporter -->
<testsuite hostname="Jp" failures="0" tests="3" name="tests.loginPageTest" time="10.110" errors="0" timestamp="2023-02-08T23:10:33 PST" skipped="1">
  <testcase classname="tests.loginPageTest" name="login" time="8.083"/>
  <system-out/>
  <testcase classname="tests.loginPageTest" name="loginPageTitleTest" time="2.027"/>
  <system-out/>
  <testcase classname="tests.loginPageTest" name="loginPageUrlTest">
    <skipped/>
  </testcase> <!-- loginPageUrlTest -->
  <system-out/>
</testsuite> <!-- tests.loginPageTest -->
