<?xml version="1.0" encoding="UTF-8"?>
<!-- Generated by org.testng.reporters.JUnitReportReporter -->
<testsuite hostname="Jp" failures="0" tests="3" name="tests.dataProviderTest" time="23.899" errors="0" timestamp="2023-03-13T15:30:47 PDT" skipped="0">
  <testcase classname="tests.dataProviderTest" name="searchGoogle" time="7.504"/>
  <system-out/>
  <testcase classname="tests.dataProviderTest" name="searchGoogle" time="8.699"/>
  <system-out/>
  <testcase classname="tests.dataProviderTest" name="searchGoogle" time="7.696"/>
  <system-out/>
</testsuite> <!-- tests.dataProviderTest -->
