<?xml version="1.0" encoding="UTF-8"?>
<!-- Generated by org.testng.reporters.JUnitReportReporter -->
<testsuite hostname="Jp" failures="0" tests="1" name="tests.AccountsPageTest" time="20.137" errors="0" timestamp="2023-02-08T23:10:33 PST" skipped="0">
  <testcase classname="tests.AccountsPageTest" name="getMenuSize" time="20.137"/>
  <system-out/>
</testsuite> <!-- tests.AccountsPageTest -->
