<?xml version="1.0" encoding="UTF-8"?>
<!-- Generated by org.testng.reporters.JUnitReportReporter -->
<testsuite hostname="Jp" failures="0" tests="1" name="seleniumPractise.PopUp_FileUpload" time="8.564" errors="0" timestamp="2023-01-31T21:35:20 PST" skipped="0">
  <testcase classname="seleniumPractise.PopUp_FileUpload" name="Alert" time="8.564"/>
  <system-out/>
</testsuite> <!-- seleniumPractise.PopUp_FileUpload -->
