<?xml version="1.0" encoding="UTF-8"?>
<!-- Generated by org.testng.reporters.JUnitReportReporter -->
<testsuite hostname="Jp" failures="0" tests="4" name="com.dev.projectName.tests.LoginPageTest" time="2.021" errors="0" timestamp="2023-01-26T17:12:26 PST" skipped="0">
  <testcase classname="com.dev.projectName.tests.LoginPageTest" name="loginPageTitleTest" time="0.024"/>
  <system-out/>
  <testcase classname="com.dev.projectName.tests.LoginPageTest" name="loginPageUrl" time="0.009"/>
  <system-out/>
  <testcase classname="com.dev.projectName.tests.LoginPageTest" name="forgotPasswordLinkTest" time="0.050"/>
  <system-out/>
  <testcase classname="com.dev.projectName.tests.LoginPageTest" name="loginTest" time="1.938"/>
  <system-out/>
</testsuite> <!-- com.dev.projectName.tests.LoginPageTest -->
