<?xml version="1.0" encoding="UTF-8"?>
<!-- Generated by org.testng.reporters.JUnitReportReporter -->
<testsuite hostname="Jp" failures="0" tests="3" name="tests.dataProviderTest2" time="43.390" errors="0" timestamp="2023-04-10T14:39:09 PDT" skipped="0">
  <testcase classname="tests.dataProviderTest2" name="searchGoogle" time="16.745"/>
  <system-out/>
  <testcase classname="tests.dataProviderTest2" name="searchGoogle" time="14.650"/>
  <system-out/>
  <testcase classname="tests.dataProviderTest2" name="searchGoogle" time="11.995"/>
  <system-out/>
</testsuite> <!-- tests.dataProviderTest2 -->
