<?xml version="1.0" encoding="UTF-8"?>
<!-- Generated by org.testng.reporters.JUnitReportReporter -->
<testsuite hostname="Jp" failures="0" tests="3" name="tests.dataProviderTest2" time="28.950" errors="0" timestamp="2023-03-13T15:30:47 PDT" skipped="0">
  <testcase classname="tests.dataProviderTest2" name="searchGoogle" time="8.100"/>
  <system-out/>
  <testcase classname="tests.dataProviderTest2" name="searchGoogle" time="9.599"/>
  <system-out/>
  <testcase classname="tests.dataProviderTest2" name="searchGoogle" time="11.251"/>
  <system-out/>
</testsuite> <!-- tests.dataProviderTest2 -->
