<?xml version="1.0" encoding="UTF-8"?>
<!-- Generated by org.testng.reporters.JUnitReportReporter -->
<testsuite hostname="Jp" failures="0" tests="1" name="seleniumPractise.dropDownTest_JQuery_MultiSelect" time="36.976" errors="0" timestamp="2023-02-01T22:59:29 PST" skipped="0">
  <testcase classname="seleniumPractise.dropDownTest_JQuery_MultiSelect" name="test1" time="36.976"/>
  <system-out/>
</testsuite> <!-- seleniumPractise.dropDownTest_JQuery_MultiSelect -->
