<?xml version="1.0" encoding="UTF-8"?>
<!-- Generated by org.testng.reporters.JUnitReportReporter -->
<testsuite hostname="Jp" failures="0" tests="3" name="tests.dataProviderTest2" time="19.984" errors="0" timestamp="2023-03-13T20:59:03 PDT" skipped="0">
  <testcase classname="tests.dataProviderTest2" name="searchGoogle" time="6.641"/>
  <system-out/>
  <testcase classname="tests.dataProviderTest2" name="searchGoogle" time="6.563"/>
  <system-out/>
  <testcase classname="tests.dataProviderTest2" name="searchGoogle" time="6.780"/>
  <system-out/>
</testsuite> <!-- tests.dataProviderTest2 -->
