<?xml version="1.0" encoding="UTF-8"?>
<!-- Generated by org.testng.reporters.JUnitReportReporter -->
<testsuite hostname="Jp" failures="0" tests="1" name="practise_Selenium.initBrowserTest" time="8.566" errors="0" timestamp="2023-04-10T11:12:04 PDT" skipped="0">
  <testcase classname="practise_Selenium.initBrowserTest" name="startchromeBrow" time="8.566"/>
  <system-out/>
</testsuite> <!-- practise_Selenium.initBrowserTest -->
