<?xml version="1.0" encoding="UTF-8"?>
<!-- Generated by org.testng.reporters.JUnitReportReporter -->
<testsuite hostname="Jp" failures="0" tests="3" name="tests.dataProviderTest" time="16.552" errors="0" timestamp="2023-03-13T20:59:03 PDT" skipped="0">
  <testcase classname="tests.dataProviderTest" name="searchGoogle" time="4.971"/>
  <system-out/>
  <testcase classname="tests.dataProviderTest" name="searchGoogle" time="5.779"/>
  <system-out/>
  <testcase classname="tests.dataProviderTest" name="searchGoogle" time="5.802"/>
  <system-out/>
</testsuite> <!-- tests.dataProviderTest -->
