<?xml version="1.0" encoding="UTF-8"?>
<!-- Generated by org.testng.reporters.JUnitReportReporter -->
<testsuite hostname="Jp" failures="0" tests="1" name="seleniumPractise.dropDowns_WithOutSelect2" time="8.808" errors="0" timestamp="2023-01-31T21:16:46 PST" skipped="0">
  <testcase classname="seleniumPractise.dropDowns_WithOutSelect2" name="handleDropDowns" time="8.808"/>
  <system-out/>
</testsuite> <!-- seleniumPractise.dropDowns_WithOutSelect2 -->
