<?xml version="1.0" encoding="UTF-8"?>
<!-- Generated by org.testng.reporters.JUnitReportReporter -->
<testsuite hostname="Jp" failures="0" tests="3" name="tests.dataProviderTest2" time="32.889" errors="0" timestamp="2023-02-08T23:10:33 PST" skipped="0">
  <testcase classname="tests.dataProviderTest2" name="searchGoogle" time="14.843"/>
  <system-out/>
  <testcase classname="tests.dataProviderTest2" name="searchGoogle" time="9.216"/>
  <system-out/>
  <testcase classname="tests.dataProviderTest2" name="searchGoogle" time="8.830"/>
  <system-out/>
</testsuite> <!-- tests.dataProviderTest2 -->
