<?xml version="1.0" encoding="UTF-8"?>
<!-- Generated by org.testng.reporters.JUnitReportReporter -->
<testsuite hostname="Jp" failures="0" tests="3" name="com.FreeCRM.Tests.dataProviderTest" time="28.796" errors="0" timestamp="2023-02-08T22:40:05 PST" skipped="0">
  <testcase classname="com.FreeCRM.Tests.dataProviderTest" name="searchGoogle" time="9.306"/>
  <system-out/>
  <testcase classname="com.FreeCRM.Tests.dataProviderTest" name="searchGoogle" time="11.898"/>
  <system-out/>
  <testcase classname="com.FreeCRM.Tests.dataProviderTest" name="searchGoogle" time="7.592"/>
  <system-out/>
</testsuite> <!-- com.FreeCRM.Tests.dataProviderTest -->
