<?xml version="1.0" encoding="UTF-8"?>
<!-- Generated by org.testng.reporters.JUnitReportReporter -->
<testsuite hostname="Jp" failures="0" tests="3" name="tests.dataProviderTest2" time="24.716" errors="0" timestamp="2023-03-12T15:04:52 PDT" skipped="0">
  <testcase classname="tests.dataProviderTest2" name="searchGoogle" time="9.182"/>
  <system-out/>
  <testcase classname="tests.dataProviderTest2" name="searchGoogle" time="8.133"/>
  <system-out/>
  <testcase classname="tests.dataProviderTest2" name="searchGoogle" time="7.401"/>
  <system-out/>
</testsuite> <!-- tests.dataProviderTest2 -->
