<?xml version="1.0" encoding="UTF-8"?>
<!-- Generated by org.testng.reporters.JUnitReportReporter -->
<testsuite hostname="Jp" failures="0" tests="1" name="seleniumPractise.PopUp_FileUpload" time="10.230" errors="0" timestamp="2023-02-15T19:47:26 PST" skipped="0">
  <testcase classname="seleniumPractise.PopUp_FileUpload" name="Alert" time="10.230"/>
  <system-out/>
</testsuite> <!-- seleniumPractise.PopUp_FileUpload -->
