<?xml version="1.0" encoding="UTF-8"?>
<!-- Generated by org.testng.reporters.JUnitReportReporter -->
<testsuite hostname="Jp" failures="0" tests="3" name="tests.dataProviderTest" time="29.375" errors="0" timestamp="2023-02-08T23:10:33 PST" skipped="0">
  <testcase classname="tests.dataProviderTest" name="searchGoogle" time="10.373"/>
  <system-out/>
  <testcase classname="tests.dataProviderTest" name="searchGoogle" time="10.464"/>
  <system-out/>
  <testcase classname="tests.dataProviderTest" name="searchGoogle" time="8.538"/>
  <system-out/>
</testsuite> <!-- tests.dataProviderTest -->
