<?xml version="1.0" encoding="UTF-8"?>
<!-- Generated by org.testng.reporters.JUnitReportReporter -->
<testsuite hostname="Jp" failures="0" tests="1" name="seleniumPractise.HubSport" time="22.371" errors="0" timestamp="2023-02-01T21:14:14 PST" skipped="0">
  <testcase classname="seleniumPractise.HubSport" name="hubSpot_login" time="22.371"/>
  <system-out/>
</testsuite> <!-- seleniumPractise.HubSport -->
