<?xml version="1.0" encoding="UTF-8"?>
<!-- Generated by org.testng.reporters.JUnitReportReporter -->
<testsuite hostname="Jp" failures="0" tests="1" name="seleniumPractise.Alert_PopUp_FileUpload" time="12.433" errors="0" timestamp="2023-01-31T21:26:25 PST" skipped="0">
  <testcase classname="seleniumPractise.Alert_PopUp_FileUpload" name="Alert" time="12.433"/>
  <system-out/>
</testsuite> <!-- seleniumPractise.Alert_PopUp_FileUpload -->
