<?xml version="1.0" encoding="UTF-8"?>
<!-- Generated by org.testng.reporters.JUnitReportReporter -->
<testsuite hostname="Jp" failures="0" tests="3" name="tests.dataProviderTest2" time="18.963" errors="0" timestamp="2023-03-13T20:43:52 PDT" skipped="0">
  <testcase classname="tests.dataProviderTest2" name="searchGoogle" time="6.042"/>
  <system-out/>
  <testcase classname="tests.dataProviderTest2" name="searchGoogle" time="6.790"/>
  <system-out/>
  <testcase classname="tests.dataProviderTest2" name="searchGoogle" time="6.131"/>
  <system-out/>
</testsuite> <!-- tests.dataProviderTest2 -->
