<?xml version="1.0" encoding="UTF-8"?>
<!-- Generated by org.testng.reporters.JUnitReportReporter -->
<testsuite hostname="Jp" failures="0" tests="1" name="practise_Selenium.dropDowns_WithOutSelect" time="4.987" errors="0" timestamp="2023-04-10T11:17:00 PDT" skipped="0">
  <testcase classname="practise_Selenium.dropDowns_WithOutSelect" name="handleDropDowns" time="4.987"/>
  <system-out/>
</testsuite> <!-- practise_Selenium.dropDowns_WithOutSelect -->
