<?xml version="1.0" encoding="UTF-8"?>
<!-- Generated by org.testng.reporters.JUnitReportReporter -->
<testsuite hostname="Jp" failures="0" tests="1" name="seleniumPractise.dropDowns_WithOutSelect" time="5.964" errors="0" timestamp="2023-01-31T20:59:11 PST" skipped="0">
  <testcase classname="seleniumPractise.dropDowns_WithOutSelect" name="handleDropDowns" time="5.964"/>
  <system-out/>
</testsuite> <!-- seleniumPractise.dropDowns_WithOutSelect -->
