<?xml version="1.0" encoding="UTF-8"?>
<!-- Generated by org.testng.reporters.JUnitReportReporter -->
<testsuite hostname="Jp" failures="0" tests="1" name="com.FreeCRM.Tests.AccountsPageTest" time="20.038" errors="0" timestamp="2023-02-08T22:40:05 PST" skipped="0">
  <testcase classname="com.FreeCRM.Tests.AccountsPageTest" name="getMenuSize" time="20.038"/>
  <system-out/>
</testsuite> <!-- com.FreeCRM.Tests.AccountsPageTest -->
