<?xml version="1.0" encoding="UTF-8"?>
<!-- Generated by org.testng.reporters.JUnitReportReporter -->
<testsuite hostname="Jp" failures="0" tests="1" name="seleniumPractise.dropDownTest_JQuery" time="12.377" errors="0" timestamp="2023-02-01T22:27:16 PST" skipped="0">
  <testcase classname="seleniumPractise.dropDownTest_JQuery" name="test1" time="12.377"/>
  <system-out/>
</testsuite> <!-- seleniumPractise.dropDownTest_JQuery -->
