<?xml version="1.0" encoding="UTF-8"?>
<!-- Generated by org.testng.reporters.JUnitReportReporter -->
<testsuite hostname="Jp" failures="0" tests="4" name="tests.loginPageTest_ElementUtil" time="11.517" errors="0" timestamp="2023-02-08T23:10:33 PST" skipped="1">
  <testcase classname="tests.loginPageTest_ElementUtil" name="login" time="7.369"/>
  <system-out/>
  <testcase classname="tests.loginPageTest_ElementUtil" name="loginPageTitleTest" time="2.017"/>
  <system-out/>
  <testcase classname="tests.loginPageTest_ElementUtil" name="loginPageUrlTest" time="2.131"/>
  <system-out/>
  <testcase classname="tests.loginPageTest_ElementUtil" name="getAccountName">
    <skipped/>
  </testcase> <!-- getAccountName -->
  <system-out/>
</testsuite> <!-- tests.loginPageTest_ElementUtil -->
