<?xml version="1.0" encoding="UTF-8"?>
<!-- Generated by org.testng.reporters.JUnitReportReporter -->
<testsuite hostname="Jp" failures="0" tests="1" name="com.FreeCRM.Tests.BaseClass" time="0.007" errors="0" timestamp="2023-02-05T23:25:04 PST" skipped="0">
  <testcase classname="com.FreeCRM.Tests.BaseClass" name="test1" time="0.007"/>
  <system-out/>
</testsuite> <!-- com.FreeCRM.Tests.BaseClass -->
