<?xml version="1.0" encoding="UTF-8"?>
<!-- Generated by org.testng.reporters.JUnitReportReporter -->
<testsuite hostname="Jp" failures="0" tests="3" name="tests.dataProviderTest" time="21.504" errors="0" timestamp="2023-03-10T14:28:21 PST" skipped="0">
  <testcase classname="tests.dataProviderTest" name="searchGoogle" time="6.548"/>
  <system-out/>
  <testcase classname="tests.dataProviderTest" name="searchGoogle" time="8.956"/>
  <system-out/>
  <testcase classname="tests.dataProviderTest" name="searchGoogle" time="6.000"/>
  <system-out/>
</testsuite> <!-- tests.dataProviderTest -->
