<?xml version="1.0" encoding="UTF-8"?>
<!-- Generated by org.testng.reporters.JUnitReportReporter -->
<testsuite hostname="Jp" failures="0" tests="1" name="seleniumPractise.dropDowns" time="11.049" errors="0" timestamp="2023-01-31T17:51:30 PST" skipped="0">
  <testcase classname="seleniumPractise.dropDowns" name="handleDropDowns" time="11.049"/>
  <system-out/>
</testsuite> <!-- seleniumPractise.dropDowns -->
