<?xml version="1.0" encoding="UTF-8"?>
<!-- Generated by org.testng.reporters.JUnitReportReporter -->
<testsuite hostname="Jp" failures="0" tests="3" name="com.FreeCRM.Tests.dataProviderTest" time="29.050" errors="0" timestamp="2023-02-08T21:15:08 PST" skipped="0">
  <testcase classname="com.FreeCRM.Tests.dataProviderTest" name="searchGoogle" time="10.908"/>
  <system-out/>
  <testcase classname="com.FreeCRM.Tests.dataProviderTest" name="searchGoogle" time="12.057"/>
  <system-out/>
  <testcase classname="com.FreeCRM.Tests.dataProviderTest" name="searchGoogle" time="6.085"/>
  <system-out/>
</testsuite> <!-- com.FreeCRM.Tests.dataProviderTest -->
