<?xml version="1.0" encoding="UTF-8"?>
<!-- Generated by org.testng.reporters.JUnitReportReporter -->
<testsuite hostname="Jp" failures="0" tests="3" name="com.FreeCRM.Tests.loginPageTest" time="10.071" errors="0" timestamp="2023-02-08T21:15:08 PST" skipped="1">
  <testcase classname="com.FreeCRM.Tests.loginPageTest" name="login" time="8.046"/>
  <system-out/>
  <testcase classname="com.FreeCRM.Tests.loginPageTest" name="loginPageTitleTest" time="2.025"/>
  <system-out/>
  <testcase classname="com.FreeCRM.Tests.loginPageTest" name="loginPageUrlTest">
    <skipped/>
  </testcase> <!-- loginPageUrlTest -->
  <system-out/>
</testsuite> <!-- com.FreeCRM.Tests.loginPageTest -->
