<?xml version="1.0" encoding="UTF-8"?>
<!-- Generated by org.testng.reporters.JUnitReportReporter -->
<testsuite hostname="Jp" failures="0" tests="4" name="com.FreeCRM.Tests.loginPageTest_ElementUtil" time="13.182" errors="0" timestamp="2023-02-08T21:15:08 PST" skipped="1">
  <testcase classname="com.FreeCRM.Tests.loginPageTest_ElementUtil" name="login" time="9.063"/>
  <system-out/>
  <testcase classname="com.FreeCRM.Tests.loginPageTest_ElementUtil" name="loginPageTitleTest" time="2.087"/>
  <system-out/>
  <testcase classname="com.FreeCRM.Tests.loginPageTest_ElementUtil" name="loginPageUrlTest" time="2.032"/>
  <system-out/>
  <testcase classname="com.FreeCRM.Tests.loginPageTest_ElementUtil" name="getAccountName">
    <skipped/>
  </testcase> <!-- getAccountName -->
  <system-out/>
</testsuite> <!-- com.FreeCRM.Tests.loginPageTest_ElementUtil -->
