<?xml version="1.0" encoding="UTF-8"?>
<!-- Generated by org.testng.reporters.JUnitReportReporter -->
<testsuite hostname="Jp" failures="0" tests="3" name="com.FreeCRM.Tests.dataProviderTest2" time="34.673" errors="0" timestamp="2023-02-08T21:15:08 PST" skipped="0">
  <testcase classname="com.FreeCRM.Tests.dataProviderTest2" name="searchGoogle" time="12.522"/>
  <system-out/>
  <testcase classname="com.FreeCRM.Tests.dataProviderTest2" name="searchGoogle" time="14.067"/>
  <system-out/>
  <testcase classname="com.FreeCRM.Tests.dataProviderTest2" name="searchGoogle" time="8.084"/>
  <system-out/>
</testsuite> <!-- com.FreeCRM.Tests.dataProviderTest2 -->
